<?xml version="1.0" encoding="UTF-8"?>
<testsuite name="client.NumbTest" tests="2" skipped="0" failures="0" errors="0" timestamp="2023-02-06T16:57:13" hostname="ip-10-104-198-102.eu-central-1.compute.internal" time="0.002">
  <properties/>
  <testcase name="shouldReturnEmptyWhenInvalid()" classname="client.NumbTest" time="0.0"/>
  <testcase name="shouldReturnNumb()" classname="client.NumbTest" time="0.001"/>
  <system-out><![CDATA[Numb is invalid.
Numb is out of [0, 255] range.
Numb is out of [0, 255] range.
]]></system-out>
  <system-err><![CDATA[]]></system-err>
</testsuite>
