<?xml version="1.0" encoding="UTF-8"?>
<testsuite name="client.ClientTest" tests="5" skipped="0" failures="0" errors="0" timestamp="2023-02-06T20:02:53" hostname="ip-10-104-198-102.eu-central-1.compute.internal" time="5.097">
  <properties/>
  <testcase name="[1] 65280" classname="client.ClientTest" time="5.08"/>
  <testcase name="[2] 65279" classname="client.ClientTest" time="0.003"/>
  <testcase name="[3] 1" classname="client.ClientTest" time="0.003"/>
  <testcase name="[4] 0" classname="client.ClientTest" time="0.003"/>
  <testcase name="[5] -255" classname="client.ClientTest" time="0.002"/>
  <system-out><![CDATA[Listening...
[UDP /192.168.1.50]
Listening...
[UDP /192.168.1.50]
Listening...
[UDP /192.168.1.50]
Listening...
[UDP /192.168.1.50]
Listening...
[UDP /192.168.1.50]
]]></system-out>
  <system-err><![CDATA[]]></system-err>
</testsuite>
