<?xml version="1.0" encoding="UTF-8"?>
<testsuite name="learning.IntToByteTest" tests="1" skipped="0" failures="0" errors="0" timestamp="2023-02-06T17:47:43" hostname="ip-10-104-198-102.eu-central-1.compute.internal" time="0.051">
  <properties/>
  <testcase name="stupidTest()" classname="learning.IntToByteTest" time="0.051"/>
  <system-out><![CDATA[]]></system-out>
  <system-err><![CDATA[]]></system-err>
</testsuite>
